\BOOKMARK [0][-]{section*.2}{\376\377\000P\000h\000D\000\040\000T\000h\000e\000s\000i\000s\000\040\000E\000x\000a\000m\000i\000n\000a\000t\000i\000o\000n\000\040\000C\000o\000m\000m\000i\000t\000t\000e\000e}{}% 1
\BOOKMARK [0][-]{section*.3}{\376\377\000A\000b\000s\000t\000r\000a\000c\000t}{}% 2
\BOOKMARK [0][-]{section*.4}{\376\377\000P\000u\000b\000l\000i\000c\000a\000t\000i\000o\000n\000s}{}% 3
\BOOKMARK [0][-]{section*.5}{\376\377\000A\000c\000k\000n\000o\000w\000l\000e\000d\000g\000e\000m\000e\000n\000t\000s}{}% 4
\BOOKMARK [0][-]{chapter.9}{\376\377\000I\000n\000t\000r\000o\000d\000u\000c\000t\000i\000o\000n}{}% 5
\BOOKMARK [0][-]{chapter.10}{\376\377\000S\000e\000c\000u\000r\000i\000t\000y\000\040\000P\000r\000o\000p\000e\000r\000t\000i\000e\000s\000\040\000o\000f\000\040\000T\000E\000E}{}% 6
\BOOKMARK [0][-]{chapter.11}{\376\377\000A\000\040\000P\000r\000a\000c\000t\000i\000c\000a\000l\000\040\000a\000n\000d\000\040\000S\000c\000a\000l\000a\000b\000l\000e\000\040\000S\000o\000f\000t\000w\000a\000r\000e\000\040\000P\000r\000o\000t\000e\000c\000t\000i\000o\000n\000\040\000e\000n\000f\000o\000r\000c\000e\000d\000\040\000b\000y\000\040\000T\000E\000E}{}% 7
\BOOKMARK [1][-]{section.12}{\376\377\000I\000n\000t\000r\000o\000d\000u\000c\000t\000i\000o\000n}{chapter.11}% 8
\BOOKMARK [1][-]{section.21}{\376\377\000T\000h\000r\000e\000a\000t\000\040\000M\000o\000d\000e\000l}{chapter.11}% 9
\BOOKMARK [1][-]{section.26}{\376\377\000D\000e\000s\000i\000g\000n}{chapter.11}% 10
\BOOKMARK [2][-]{subsection.27}{\376\377\000C\000h\000a\000l\000l\000e\000n\000g\000e\000s}{section.26}% 11
\BOOKMARK [2][-]{subsection.31}{\376\377\000A\000n\000t\000i\000-\000T\000a\000m\000p\000e\000r\000i\000n\000g\000\040\000b\000a\000s\000e\000d\000\040\000o\000n\000\040\000T\000r\000u\000s\000t\000e\000d\000\040\000C\000o\000m\000p\000u\000t\000i\000n\000g}{section.26}% 12
\BOOKMARK [1][-]{section.64}{\376\377\000I\000m\000p\000l\000e\000m\000e\000n\000t\000a\000t\000i\000o\000n}{chapter.11}% 13
\BOOKMARK [2][-]{subsection.66}{\376\377\000C\000l\000i\000e\000n\000t}{section.64}% 14
\BOOKMARK [2][-]{subsection.76}{\376\377\000I\000n\000s\000t\000a\000l\000l\000a\000t\000i\000o\000n\000\040\000P\000h\000a\000s\000e}{section.64}% 15
\BOOKMARK [1][-]{section.78}{\376\377\000E\000v\000a\000l\000u\000a\000t\000i\000o\000n}{chapter.11}% 16
\BOOKMARK [2][-]{subsection.79}{\376\377\000L\000i\000n\000e\000s\000-\000o\000f\000-\000C\000o\000d\000e\000\040\000O\000v\000e\000r\000h\000e\000a\000d}{section.78}% 17
\BOOKMARK [2][-]{subsection.81}{\376\377\000M\000i\000c\000r\000o\000b\000e\000n\000c\000h\000m\000a\000r\000k\000\040\000M\000e\000a\000s\000u\000r\000e\000m\000e\000n\000t\000s}{section.78}% 18
\BOOKMARK [2][-]{subsection.86}{\376\377\000E\000n\000c\000l\000a\000v\000e\000\040\000S\000i\000z\000e\000\040\000C\000o\000n\000s\000i\000d\000e\000r\000a\000t\000i\000o\000n\000s}{section.78}% 19
\BOOKMARK [2][-]{subsection.87}{\376\377\000T\000h\000r\000e\000a\000t\000\040\000M\000i\000t\000i\000g\000a\000t\000i\000o\000n}{section.78}% 20
\BOOKMARK [2][-]{subsection.95}{\376\377\000S\000t\000u\000d\000y\000\040\000o\000f\000\040\000J\000u\000s\000t\000-\000i\000n\000-\000T\000i\000m\000e\000\040\000P\000a\000t\000c\000h\000\040\000\046\000\040\000R\000e\000p\000a\000i\000r\000\040\000A\000t\000t\000a\000c\000k}{section.78}% 21
\BOOKMARK [2][-]{subsection.96}{\376\377\000D\000i\000s\000c\000u\000s\000s\000i\000o\000n}{section.78}% 22
\BOOKMARK [0][-]{chapter.97}{\376\377\000A\000d\000v\000a\000n\000c\000e\000d\000\040\000T\000h\000r\000e\000a\000t\000s\000\040\000f\000o\000r\000\040\000T\000E\000E}{}% 23
\BOOKMARK [0][-]{chapter.98}{\376\377\000A\000t\000\040\000t\000h\000e\000\040\000E\000d\000g\000e\000\040\000o\000f\000\040\000N\000e\000w\000\040\000D\000e\000f\000e\000n\000s\000e\000s\000\040\000f\000o\000r\000\040\000T\000E\000E}{}% 24
\BOOKMARK [0][-]{chapter.99}{\376\377\000N\000e\000w\000\040\000F\000o\000r\000e\000n\000s\000i\000c\000\040\000C\000h\000a\000l\000l\000e\000n\000g\000e\000s\000\040\000i\000n\000\040\000T\000E\000E\000\040\000D\000o\000m\000a\000i\000n}{}% 25
\BOOKMARK [0][-]{chapter.100}{\376\377\000C\000o\000n\000c\000l\000u\000s\000i\000o\000n}{}% 26
\BOOKMARK [0][-]{appendix.101}{\376\377\000A\000p\000p\000e\000n\000d\000i\000x\000\040\000T\000i\000t\000l\000e\000\040\000H\000e\000r\000e}{}% 27
\BOOKMARK [0][-]{appendix*.102}{\376\377\000B\000i\000b\000l\000i\000o\000g\000r\000a\000p\000h\000y}{}% 28
